<?xml version="1.0" encoding="UTF-8"?>
<!-- Generated by org.testng.reporters.JUnitXMLReporter -->
<testsuite ignored="0" hostname="Angela-DELL" failures="0" tests="4" name="functionality-test" time="56.113" errors="0" timestamp="2024-10-17T21:48:37 EEST">
  <testcase classname="com.ace.airbnb.SearchTest" name="test1_verifyAppliedFilters" time="0.466"/>
  <testcase classname="com.ace.airbnb.SearchTest" name="test1_verifyMaxNumberOfGuestOnEachProperty" time="28.43"/>
  <testcase classname="com.ace.airbnb.SearchTest" name="test2_verifyExtraFilters" time="5.933"/>
  <testcase classname="com.ace.airbnb.SearchTest" name="test3_verifyPropertyOnMap" time="4.293"/>
</testsuite> <!-- functionality-test -->
